{"date":"Sat Sep 02 2023 08:53:04 GMT+0100 (West Africa Standard Time)","error":{"diagnosticCodes":[2551]},"exception":true,"level":"error","message":"uncaughtException: ⨯ Unable to compile TypeScript:\n\u001b[96msrc/controllers/blogController.ts\u001b[0m:\u001b[93m65\u001b[0m:\u001b[93m38\u001b[0m - \u001b[91merror\u001b[0m\u001b[90m TS2551: \u001b[0mProperty 'getBlog' does not exist on type 'typeof blogService'. Did you mean 'getBlogs'?\r\n\r\n\u001b[7m65\u001b[0m       const blog = await blogService.getBlog(blogId);\r\n\u001b[7m  \u001b[0m \u001b[91m                                     ~~~~~~~\u001b[0m\r\n\r\n  \u001b[96msrc/services/blogService.ts\u001b[0m:\u001b[93m30\u001b[0m:\u001b[93m16\u001b[0m\r\n    \u001b[7m30\u001b[0m   static async getBlogs(skip: number, limit: number): Promise<Blog[]> {\r\n    \u001b[7m  \u001b[0m \u001b[96m               ~~~~~~~~\u001b[0m\r\n    'getBlogs' is declared here.\r\n\nTSError: ⨯ Unable to compile TypeScript:\n\u001b[96msrc/controllers/blogController.ts\u001b[0m:\u001b[93m65\u001b[0m:\u001b[93m38\u001b[0m - \u001b[91merror\u001b[0m\u001b[90m TS2551: \u001b[0mProperty 'getBlog' does not exist on type 'typeof blogService'. Did you mean 'getBlogs'?\r\n\r\n\u001b[7m65\u001b[0m       const blog = await blogService.getBlog(blogId);\r\n\u001b[7m  \u001b[0m \u001b[91m                                     ~~~~~~~\u001b[0m\r\n\r\n  \u001b[96msrc/services/blogService.ts\u001b[0m:\u001b[93m30\u001b[0m:\u001b[93m16\u001b[0m\r\n    \u001b[7m30\u001b[0m   static async getBlogs(skip: number, limit: number): Promise<Blog[]> {\r\n    \u001b[7m  \u001b[0m \u001b[96m               ~~~~~~~~\u001b[0m\r\n    'getBlogs' is declared here.\r\n\n    at createTSError (C:\\Users\\user\\AppData\\Roaming\\npm\\node_modules\\ts-node\\src\\index.ts:859:12)\n    at reportTSError (C:\\Users\\user\\AppData\\Roaming\\npm\\node_modules\\ts-node\\src\\index.ts:863:19)\n    at getOutput (C:\\Users\\user\\AppData\\Roaming\\npm\\node_modules\\ts-node\\src\\index.ts:1077:36)\n    at Object.compile (C:\\Users\\user\\AppData\\Roaming\\npm\\node_modules\\ts-node\\src\\index.ts:1433:41)\n    at Module.m._compile (C:\\Users\\user\\AppData\\Roaming\\npm\\node_modules\\ts-node\\src\\index.ts:1617:30)\n    at Module._extensions..js (node:internal/modules/cjs/loader:1310:10)\n    at Object.require.extensions.<computed> [as .ts] (C:\\Users\\user\\AppData\\Roaming\\npm\\node_modules\\ts-node\\src\\index.ts:1621:12)\n    at Module.load (node:internal/modules/cjs/loader:1119:32)\n    at Function.Module._load (node:internal/modules/cjs/loader:960:12)\n    at Module.require (node:internal/modules/cjs/loader:1143:19)","os":{"loadavg":[0,0,0],"uptime":66166},"process":{"argv":["C:\\Users\\user\\AppData\\Roaming\\npm\\node_modules\\ts-node\\dist\\bin.js","C:\\Users\\user\\Desktop\\schoolinka-blog\\src\\server.ts"],"cwd":"C:\\Users\\user\\Desktop\\schoolinka-blog","execPath":"C:\\Program Files\\nodejs\\node.exe","gid":null,"memoryUsage":{"arrayBuffers":2513483,"external":3936196,"heapTotal":165711872,"heapUsed":137471304,"rss":205799424},"pid":4160,"uid":null,"version":"v18.17.1"},"stack":"TSError: ⨯ Unable to compile TypeScript:\n\u001b[96msrc/controllers/blogController.ts\u001b[0m:\u001b[93m65\u001b[0m:\u001b[93m38\u001b[0m - \u001b[91merror\u001b[0m\u001b[90m TS2551: \u001b[0mProperty 'getBlog' does not exist on type 'typeof blogService'. Did you mean 'getBlogs'?\r\n\r\n\u001b[7m65\u001b[0m       const blog = await blogService.getBlog(blogId);\r\n\u001b[7m  \u001b[0m \u001b[91m                                     ~~~~~~~\u001b[0m\r\n\r\n  \u001b[96msrc/services/blogService.ts\u001b[0m:\u001b[93m30\u001b[0m:\u001b[93m16\u001b[0m\r\n    \u001b[7m30\u001b[0m   static async getBlogs(skip: number, limit: number): Promise<Blog[]> {\r\n    \u001b[7m  \u001b[0m \u001b[96m               ~~~~~~~~\u001b[0m\r\n    'getBlogs' is declared here.\r\n\n    at createTSError (C:\\Users\\user\\AppData\\Roaming\\npm\\node_modules\\ts-node\\src\\index.ts:859:12)\n    at reportTSError (C:\\Users\\user\\AppData\\Roaming\\npm\\node_modules\\ts-node\\src\\index.ts:863:19)\n    at getOutput (C:\\Users\\user\\AppData\\Roaming\\npm\\node_modules\\ts-node\\src\\index.ts:1077:36)\n    at Object.compile (C:\\Users\\user\\AppData\\Roaming\\npm\\node_modules\\ts-node\\src\\index.ts:1433:41)\n    at Module.m._compile (C:\\Users\\user\\AppData\\Roaming\\npm\\node_modules\\ts-node\\src\\index.ts:1617:30)\n    at Module._extensions..js (node:internal/modules/cjs/loader:1310:10)\n    at Object.require.extensions.<computed> [as .ts] (C:\\Users\\user\\AppData\\Roaming\\npm\\node_modules\\ts-node\\src\\index.ts:1621:12)\n    at Module.load (node:internal/modules/cjs/loader:1119:32)\n    at Function.Module._load (node:internal/modules/cjs/loader:960:12)\n    at Module.require (node:internal/modules/cjs/loader:1143:19)","trace":[{"column":12,"file":"C:\\Users\\user\\AppData\\Roaming\\npm\\node_modules\\ts-node\\src\\index.ts","function":"createTSError","line":859,"method":null,"native":false},{"column":19,"file":"C:\\Users\\user\\AppData\\Roaming\\npm\\node_modules\\ts-node\\src\\index.ts","function":"reportTSError","line":863,"method":null,"native":false},{"column":36,"file":"C:\\Users\\user\\AppData\\Roaming\\npm\\node_modules\\ts-node\\src\\index.ts","function":"getOutput","line":1077,"method":null,"native":false},{"column":41,"file":"C:\\Users\\user\\AppData\\Roaming\\npm\\node_modules\\ts-node\\src\\index.ts","function":"Object.compile","line":1433,"method":"compile","native":false},{"column":30,"file":"C:\\Users\\user\\AppData\\Roaming\\npm\\node_modules\\ts-node\\src\\index.ts","function":"Module.m._compile","line":1617,"method":"_compile","native":false},{"column":10,"file":"node:internal/modules/cjs/loader","function":"Module._extensions..js","line":1310,"method":".js","native":false},{"column":12,"file":"C:\\Users\\user\\AppData\\Roaming\\npm\\node_modules\\ts-node\\src\\index.ts","function":"Object.require.extensions.<computed> [as .ts]","line":1621,"method":"ts]","native":false},{"column":32,"file":"node:internal/modules/cjs/loader","function":"Module.load","line":1119,"method":"load","native":false},{"column":12,"file":"node:internal/modules/cjs/loader","function":"Module._load","line":960,"method":"_load","native":false},{"column":19,"file":"node:internal/modules/cjs/loader","function":"Module.require","line":1143,"method":"require","native":false}]}
{"date":"Sat Sep 02 2023 08:53:05 GMT+0100 (West Africa Standard Time)","error":{"diagnosticCodes":[2551]},"exception":true,"level":"error","message":"uncaughtException: ⨯ Unable to compile TypeScript:\n\u001b[96msrc/controllers/blogController.ts\u001b[0m:\u001b[93m65\u001b[0m:\u001b[93m38\u001b[0m - \u001b[91merror\u001b[0m\u001b[90m TS2551: \u001b[0mProperty 'getBlog' does not exist on type 'typeof blogService'. Did you mean 'getBlogs'?\r\n\r\n\u001b[7m65\u001b[0m       const blog = await blogService.getBlog(blogId);\r\n\u001b[7m  \u001b[0m \u001b[91m                                     ~~~~~~~\u001b[0m\r\n\r\n  \u001b[96msrc/services/blogService.ts\u001b[0m:\u001b[93m30\u001b[0m:\u001b[93m16\u001b[0m\r\n    \u001b[7m30\u001b[0m   static async getBlogs(skip: number, limit: number): Promise<Blog[]> {\r\n    \u001b[7m  \u001b[0m \u001b[96m               ~~~~~~~~\u001b[0m\r\n    'getBlogs' is declared here.\r\n\nTSError: ⨯ Unable to compile TypeScript:\n\u001b[96msrc/controllers/blogController.ts\u001b[0m:\u001b[93m65\u001b[0m:\u001b[93m38\u001b[0m - \u001b[91merror\u001b[0m\u001b[90m TS2551: \u001b[0mProperty 'getBlog' does not exist on type 'typeof blogService'. Did you mean 'getBlogs'?\r\n\r\n\u001b[7m65\u001b[0m       const blog = await blogService.getBlog(blogId);\r\n\u001b[7m  \u001b[0m \u001b[91m                                     ~~~~~~~\u001b[0m\r\n\r\n  \u001b[96msrc/services/blogService.ts\u001b[0m:\u001b[93m30\u001b[0m:\u001b[93m16\u001b[0m\r\n    \u001b[7m30\u001b[0m   static async getBlogs(skip: number, limit: number): Promise<Blog[]> {\r\n    \u001b[7m  \u001b[0m \u001b[96m               ~~~~~~~~\u001b[0m\r\n    'getBlogs' is declared here.\r\n\n    at createTSError (C:\\Users\\user\\AppData\\Roaming\\npm\\node_modules\\ts-node\\src\\index.ts:859:12)\n    at reportTSError (C:\\Users\\user\\AppData\\Roaming\\npm\\node_modules\\ts-node\\src\\index.ts:863:19)\n    at getOutput (C:\\Users\\user\\AppData\\Roaming\\npm\\node_modules\\ts-node\\src\\index.ts:1077:36)\n    at Object.compile (C:\\Users\\user\\AppData\\Roaming\\npm\\node_modules\\ts-node\\src\\index.ts:1433:41)\n    at Module.m._compile (C:\\Users\\user\\AppData\\Roaming\\npm\\node_modules\\ts-node\\src\\index.ts:1617:30)\n    at Module._extensions..js (node:internal/modules/cjs/loader:1310:10)\n    at Object.require.extensions.<computed> [as .ts] (C:\\Users\\user\\AppData\\Roaming\\npm\\node_modules\\ts-node\\src\\index.ts:1621:12)\n    at Module.load (node:internal/modules/cjs/loader:1119:32)\n    at Function.Module._load (node:internal/modules/cjs/loader:960:12)\n    at Module.require (node:internal/modules/cjs/loader:1143:19)","os":{"loadavg":[0,0,0],"uptime":66166.015},"process":{"argv":["C:\\Users\\user\\AppData\\Roaming\\npm\\node_modules\\ts-node\\dist\\bin.js","C:\\Users\\user\\Desktop\\schoolinka-blog\\src\\server.ts"],"cwd":"C:\\Users\\user\\Desktop\\schoolinka-blog","execPath":"C:\\Program Files\\nodejs\\node.exe","gid":null,"memoryUsage":{"arrayBuffers":2519940,"external":3942693,"heapTotal":165711872,"heapUsed":137824096,"rss":205848576},"pid":4160,"uid":null,"version":"v18.17.1"},"stack":"TSError: ⨯ Unable to compile TypeScript:\n\u001b[96msrc/controllers/blogController.ts\u001b[0m:\u001b[93m65\u001b[0m:\u001b[93m38\u001b[0m - \u001b[91merror\u001b[0m\u001b[90m TS2551: \u001b[0mProperty 'getBlog' does not exist on type 'typeof blogService'. Did you mean 'getBlogs'?\r\n\r\n\u001b[7m65\u001b[0m       const blog = await blogService.getBlog(blogId);\r\n\u001b[7m  \u001b[0m \u001b[91m                                     ~~~~~~~\u001b[0m\r\n\r\n  \u001b[96msrc/services/blogService.ts\u001b[0m:\u001b[93m30\u001b[0m:\u001b[93m16\u001b[0m\r\n    \u001b[7m30\u001b[0m   static async getBlogs(skip: number, limit: number): Promise<Blog[]> {\r\n    \u001b[7m  \u001b[0m \u001b[96m               ~~~~~~~~\u001b[0m\r\n    'getBlogs' is declared here.\r\n\n    at createTSError (C:\\Users\\user\\AppData\\Roaming\\npm\\node_modules\\ts-node\\src\\index.ts:859:12)\n    at reportTSError (C:\\Users\\user\\AppData\\Roaming\\npm\\node_modules\\ts-node\\src\\index.ts:863:19)\n    at getOutput (C:\\Users\\user\\AppData\\Roaming\\npm\\node_modules\\ts-node\\src\\index.ts:1077:36)\n    at Object.compile (C:\\Users\\user\\AppData\\Roaming\\npm\\node_modules\\ts-node\\src\\index.ts:1433:41)\n    at Module.m._compile (C:\\Users\\user\\AppData\\Roaming\\npm\\node_modules\\ts-node\\src\\index.ts:1617:30)\n    at Module._extensions..js (node:internal/modules/cjs/loader:1310:10)\n    at Object.require.extensions.<computed> [as .ts] (C:\\Users\\user\\AppData\\Roaming\\npm\\node_modules\\ts-node\\src\\index.ts:1621:12)\n    at Module.load (node:internal/modules/cjs/loader:1119:32)\n    at Function.Module._load (node:internal/modules/cjs/loader:960:12)\n    at Module.require (node:internal/modules/cjs/loader:1143:19)","trace":[{"column":12,"file":"C:\\Users\\user\\AppData\\Roaming\\npm\\node_modules\\ts-node\\src\\index.ts","function":"createTSError","line":859,"method":null,"native":false},{"column":19,"file":"C:\\Users\\user\\AppData\\Roaming\\npm\\node_modules\\ts-node\\src\\index.ts","function":"reportTSError","line":863,"method":null,"native":false},{"column":36,"file":"C:\\Users\\user\\AppData\\Roaming\\npm\\node_modules\\ts-node\\src\\index.ts","function":"getOutput","line":1077,"method":null,"native":false},{"column":41,"file":"C:\\Users\\user\\AppData\\Roaming\\npm\\node_modules\\ts-node\\src\\index.ts","function":"Object.compile","line":1433,"method":"compile","native":false},{"column":30,"file":"C:\\Users\\user\\AppData\\Roaming\\npm\\node_modules\\ts-node\\src\\index.ts","function":"Module.m._compile","line":1617,"method":"_compile","native":false},{"column":10,"file":"node:internal/modules/cjs/loader","function":"Module._extensions..js","line":1310,"method":".js","native":false},{"column":12,"file":"C:\\Users\\user\\AppData\\Roaming\\npm\\node_modules\\ts-node\\src\\index.ts","function":"Object.require.extensions.<computed> [as .ts]","line":1621,"method":"ts]","native":false},{"column":32,"file":"node:internal/modules/cjs/loader","function":"Module.load","line":1119,"method":"load","native":false},{"column":12,"file":"node:internal/modules/cjs/loader","function":"Module._load","line":960,"method":"_load","native":false},{"column":19,"file":"node:internal/modules/cjs/loader","function":"Module.require","line":1143,"method":"require","native":false}]}
{"date":"Sat Sep 02 2023 08:53:12 GMT+0100 (West Africa Standard Time)","error":{"diagnosticCodes":[2551]},"exception":true,"level":"error","message":"uncaughtException: ⨯ Unable to compile TypeScript:\n\u001b[96msrc/controllers/blogController.ts\u001b[0m:\u001b[93m65\u001b[0m:\u001b[93m38\u001b[0m - \u001b[91merror\u001b[0m\u001b[90m TS2551: \u001b[0mProperty 'getBlog' does not exist on type 'typeof blogService'. Did you mean 'getBlogs'?\r\n\r\n\u001b[7m65\u001b[0m       const blog = await blogService.getBlog(blogId);\r\n\u001b[7m  \u001b[0m \u001b[91m                                     ~~~~~~~\u001b[0m\r\n\r\n  \u001b[96msrc/services/blogService.ts\u001b[0m:\u001b[93m30\u001b[0m:\u001b[93m16\u001b[0m\r\n    \u001b[7m30\u001b[0m   static async getBlogs(skip: number, limit: number): Promise<Blog[]> {\r\n    \u001b[7m  \u001b[0m \u001b[96m               ~~~~~~~~\u001b[0m\r\n    'getBlogs' is declared here.\r\n\nTSError: ⨯ Unable to compile TypeScript:\n\u001b[96msrc/controllers/blogController.ts\u001b[0m:\u001b[93m65\u001b[0m:\u001b[93m38\u001b[0m - \u001b[91merror\u001b[0m\u001b[90m TS2551: \u001b[0mProperty 'getBlog' does not exist on type 'typeof blogService'. Did you mean 'getBlogs'?\r\n\r\n\u001b[7m65\u001b[0m       const blog = await blogService.getBlog(blogId);\r\n\u001b[7m  \u001b[0m \u001b[91m                                     ~~~~~~~\u001b[0m\r\n\r\n  \u001b[96msrc/services/blogService.ts\u001b[0m:\u001b[93m30\u001b[0m:\u001b[93m16\u001b[0m\r\n    \u001b[7m30\u001b[0m   static async getBlogs(skip: number, limit: number): Promise<Blog[]> {\r\n    \u001b[7m  \u001b[0m \u001b[96m               ~~~~~~~~\u001b[0m\r\n    'getBlogs' is declared here.\r\n\n    at createTSError (C:\\Users\\user\\AppData\\Roaming\\npm\\node_modules\\ts-node\\src\\index.ts:859:12)\n    at reportTSError (C:\\Users\\user\\AppData\\Roaming\\npm\\node_modules\\ts-node\\src\\index.ts:863:19)\n    at getOutput (C:\\Users\\user\\AppData\\Roaming\\npm\\node_modules\\ts-node\\src\\index.ts:1077:36)\n    at Object.compile (C:\\Users\\user\\AppData\\Roaming\\npm\\node_modules\\ts-node\\src\\index.ts:1433:41)\n    at Module.m._compile (C:\\Users\\user\\AppData\\Roaming\\npm\\node_modules\\ts-node\\src\\index.ts:1617:30)\n    at Module._extensions..js (node:internal/modules/cjs/loader:1310:10)\n    at Object.require.extensions.<computed> [as .ts] (C:\\Users\\user\\AppData\\Roaming\\npm\\node_modules\\ts-node\\src\\index.ts:1621:12)\n    at Module.load (node:internal/modules/cjs/loader:1119:32)\n    at Function.Module._load (node:internal/modules/cjs/loader:960:12)\n    at Module.require (node:internal/modules/cjs/loader:1143:19)","os":{"loadavg":[0,0,0],"uptime":66173.421},"process":{"argv":["C:\\Users\\user\\AppData\\Roaming\\npm\\node_modules\\ts-node\\dist\\bin.js","C:\\Users\\user\\Desktop\\schoolinka-blog\\src\\server.ts"],"cwd":"C:\\Users\\user\\Desktop\\schoolinka-blog","execPath":"C:\\Program Files\\nodejs\\node.exe","gid":null,"memoryUsage":{"arrayBuffers":2486740,"external":3909453,"heapTotal":167546880,"heapUsed":134726824,"rss":206798848},"pid":10212,"uid":null,"version":"v18.17.1"},"stack":"TSError: ⨯ Unable to compile TypeScript:\n\u001b[96msrc/controllers/blogController.ts\u001b[0m:\u001b[93m65\u001b[0m:\u001b[93m38\u001b[0m - \u001b[91merror\u001b[0m\u001b[90m TS2551: \u001b[0mProperty 'getBlog' does not exist on type 'typeof blogService'. Did you mean 'getBlogs'?\r\n\r\n\u001b[7m65\u001b[0m       const blog = await blogService.getBlog(blogId);\r\n\u001b[7m  \u001b[0m \u001b[91m                                     ~~~~~~~\u001b[0m\r\n\r\n  \u001b[96msrc/services/blogService.ts\u001b[0m:\u001b[93m30\u001b[0m:\u001b[93m16\u001b[0m\r\n    \u001b[7m30\u001b[0m   static async getBlogs(skip: number, limit: number): Promise<Blog[]> {\r\n    \u001b[7m  \u001b[0m \u001b[96m               ~~~~~~~~\u001b[0m\r\n    'getBlogs' is declared here.\r\n\n    at createTSError (C:\\Users\\user\\AppData\\Roaming\\npm\\node_modules\\ts-node\\src\\index.ts:859:12)\n    at reportTSError (C:\\Users\\user\\AppData\\Roaming\\npm\\node_modules\\ts-node\\src\\index.ts:863:19)\n    at getOutput (C:\\Users\\user\\AppData\\Roaming\\npm\\node_modules\\ts-node\\src\\index.ts:1077:36)\n    at Object.compile (C:\\Users\\user\\AppData\\Roaming\\npm\\node_modules\\ts-node\\src\\index.ts:1433:41)\n    at Module.m._compile (C:\\Users\\user\\AppData\\Roaming\\npm\\node_modules\\ts-node\\src\\index.ts:1617:30)\n    at Module._extensions..js (node:internal/modules/cjs/loader:1310:10)\n    at Object.require.extensions.<computed> [as .ts] (C:\\Users\\user\\AppData\\Roaming\\npm\\node_modules\\ts-node\\src\\index.ts:1621:12)\n    at Module.load (node:internal/modules/cjs/loader:1119:32)\n    at Function.Module._load (node:internal/modules/cjs/loader:960:12)\n    at Module.require (node:internal/modules/cjs/loader:1143:19)","trace":[{"column":12,"file":"C:\\Users\\user\\AppData\\Roaming\\npm\\node_modules\\ts-node\\src\\index.ts","function":"createTSError","line":859,"method":null,"native":false},{"column":19,"file":"C:\\Users\\user\\AppData\\Roaming\\npm\\node_modules\\ts-node\\src\\index.ts","function":"reportTSError","line":863,"method":null,"native":false},{"column":36,"file":"C:\\Users\\user\\AppData\\Roaming\\npm\\node_modules\\ts-node\\src\\index.ts","function":"getOutput","line":1077,"method":null,"native":false},{"column":41,"file":"C:\\Users\\user\\AppData\\Roaming\\npm\\node_modules\\ts-node\\src\\index.ts","function":"Object.compile","line":1433,"method":"compile","native":false},{"column":30,"file":"C:\\Users\\user\\AppData\\Roaming\\npm\\node_modules\\ts-node\\src\\index.ts","function":"Module.m._compile","line":1617,"method":"_compile","native":false},{"column":10,"file":"node:internal/modules/cjs/loader","function":"Module._extensions..js","line":1310,"method":".js","native":false},{"column":12,"file":"C:\\Users\\user\\AppData\\Roaming\\npm\\node_modules\\ts-node\\src\\index.ts","function":"Object.require.extensions.<computed> [as .ts]","line":1621,"method":"ts]","native":false},{"column":32,"file":"node:internal/modules/cjs/loader","function":"Module.load","line":1119,"method":"load","native":false},{"column":12,"file":"node:internal/modules/cjs/loader","function":"Module._load","line":960,"method":"_load","native":false},{"column":19,"file":"node:internal/modules/cjs/loader","function":"Module.require","line":1143,"method":"require","native":false}]}
{"date":"Sat Sep 02 2023 08:53:12 GMT+0100 (West Africa Standard Time)","error":{"diagnosticCodes":[2551]},"exception":true,"level":"error","message":"uncaughtException: ⨯ Unable to compile TypeScript:\n\u001b[96msrc/controllers/blogController.ts\u001b[0m:\u001b[93m65\u001b[0m:\u001b[93m38\u001b[0m - \u001b[91merror\u001b[0m\u001b[90m TS2551: \u001b[0mProperty 'getBlog' does not exist on type 'typeof blogService'. Did you mean 'getBlogs'?\r\n\r\n\u001b[7m65\u001b[0m       const blog = await blogService.getBlog(blogId);\r\n\u001b[7m  \u001b[0m \u001b[91m                                     ~~~~~~~\u001b[0m\r\n\r\n  \u001b[96msrc/services/blogService.ts\u001b[0m:\u001b[93m30\u001b[0m:\u001b[93m16\u001b[0m\r\n    \u001b[7m30\u001b[0m   static async getBlogs(skip: number, limit: number): Promise<Blog[]> {\r\n    \u001b[7m  \u001b[0m \u001b[96m               ~~~~~~~~\u001b[0m\r\n    'getBlogs' is declared here.\r\n\nTSError: ⨯ Unable to compile TypeScript:\n\u001b[96msrc/controllers/blogController.ts\u001b[0m:\u001b[93m65\u001b[0m:\u001b[93m38\u001b[0m - \u001b[91merror\u001b[0m\u001b[90m TS2551: \u001b[0mProperty 'getBlog' does not exist on type 'typeof blogService'. Did you mean 'getBlogs'?\r\n\r\n\u001b[7m65\u001b[0m       const blog = await blogService.getBlog(blogId);\r\n\u001b[7m  \u001b[0m \u001b[91m                                     ~~~~~~~\u001b[0m\r\n\r\n  \u001b[96msrc/services/blogService.ts\u001b[0m:\u001b[93m30\u001b[0m:\u001b[93m16\u001b[0m\r\n    \u001b[7m30\u001b[0m   static async getBlogs(skip: number, limit: number): Promise<Blog[]> {\r\n    \u001b[7m  \u001b[0m \u001b[96m               ~~~~~~~~\u001b[0m\r\n    'getBlogs' is declared here.\r\n\n    at createTSError (C:\\Users\\user\\AppData\\Roaming\\npm\\node_modules\\ts-node\\src\\index.ts:859:12)\n    at reportTSError (C:\\Users\\user\\AppData\\Roaming\\npm\\node_modules\\ts-node\\src\\index.ts:863:19)\n    at getOutput (C:\\Users\\user\\AppData\\Roaming\\npm\\node_modules\\ts-node\\src\\index.ts:1077:36)\n    at Object.compile (C:\\Users\\user\\AppData\\Roaming\\npm\\node_modules\\ts-node\\src\\index.ts:1433:41)\n    at Module.m._compile (C:\\Users\\user\\AppData\\Roaming\\npm\\node_modules\\ts-node\\src\\index.ts:1617:30)\n    at Module._extensions..js (node:internal/modules/cjs/loader:1310:10)\n    at Object.require.extensions.<computed> [as .ts] (C:\\Users\\user\\AppData\\Roaming\\npm\\node_modules\\ts-node\\src\\index.ts:1621:12)\n    at Module.load (node:internal/modules/cjs/loader:1119:32)\n    at Function.Module._load (node:internal/modules/cjs/loader:960:12)\n    at Module.require (node:internal/modules/cjs/loader:1143:19)","os":{"loadavg":[0,0,0],"uptime":66173.421},"process":{"argv":["C:\\Users\\user\\AppData\\Roaming\\npm\\node_modules\\ts-node\\dist\\bin.js","C:\\Users\\user\\Desktop\\schoolinka-blog\\src\\server.ts"],"cwd":"C:\\Users\\user\\Desktop\\schoolinka-blog","execPath":"C:\\Program Files\\nodejs\\node.exe","gid":null,"memoryUsage":{"arrayBuffers":2493202,"external":3915955,"heapTotal":167546880,"heapUsed":134818736,"rss":206876672},"pid":10212,"uid":null,"version":"v18.17.1"},"stack":"TSError: ⨯ Unable to compile TypeScript:\n\u001b[96msrc/controllers/blogController.ts\u001b[0m:\u001b[93m65\u001b[0m:\u001b[93m38\u001b[0m - \u001b[91merror\u001b[0m\u001b[90m TS2551: \u001b[0mProperty 'getBlog' does not exist on type 'typeof blogService'. Did you mean 'getBlogs'?\r\n\r\n\u001b[7m65\u001b[0m       const blog = await blogService.getBlog(blogId);\r\n\u001b[7m  \u001b[0m \u001b[91m                                     ~~~~~~~\u001b[0m\r\n\r\n  \u001b[96msrc/services/blogService.ts\u001b[0m:\u001b[93m30\u001b[0m:\u001b[93m16\u001b[0m\r\n    \u001b[7m30\u001b[0m   static async getBlogs(skip: number, limit: number): Promise<Blog[]> {\r\n    \u001b[7m  \u001b[0m \u001b[96m               ~~~~~~~~\u001b[0m\r\n    'getBlogs' is declared here.\r\n\n    at createTSError (C:\\Users\\user\\AppData\\Roaming\\npm\\node_modules\\ts-node\\src\\index.ts:859:12)\n    at reportTSError (C:\\Users\\user\\AppData\\Roaming\\npm\\node_modules\\ts-node\\src\\index.ts:863:19)\n    at getOutput (C:\\Users\\user\\AppData\\Roaming\\npm\\node_modules\\ts-node\\src\\index.ts:1077:36)\n    at Object.compile (C:\\Users\\user\\AppData\\Roaming\\npm\\node_modules\\ts-node\\src\\index.ts:1433:41)\n    at Module.m._compile (C:\\Users\\user\\AppData\\Roaming\\npm\\node_modules\\ts-node\\src\\index.ts:1617:30)\n    at Module._extensions..js (node:internal/modules/cjs/loader:1310:10)\n    at Object.require.extensions.<computed> [as .ts] (C:\\Users\\user\\AppData\\Roaming\\npm\\node_modules\\ts-node\\src\\index.ts:1621:12)\n    at Module.load (node:internal/modules/cjs/loader:1119:32)\n    at Function.Module._load (node:internal/modules/cjs/loader:960:12)\n    at Module.require (node:internal/modules/cjs/loader:1143:19)","trace":[{"column":12,"file":"C:\\Users\\user\\AppData\\Roaming\\npm\\node_modules\\ts-node\\src\\index.ts","function":"createTSError","line":859,"method":null,"native":false},{"column":19,"file":"C:\\Users\\user\\AppData\\Roaming\\npm\\node_modules\\ts-node\\src\\index.ts","function":"reportTSError","line":863,"method":null,"native":false},{"column":36,"file":"C:\\Users\\user\\AppData\\Roaming\\npm\\node_modules\\ts-node\\src\\index.ts","function":"getOutput","line":1077,"method":null,"native":false},{"column":41,"file":"C:\\Users\\user\\AppData\\Roaming\\npm\\node_modules\\ts-node\\src\\index.ts","function":"Object.compile","line":1433,"method":"compile","native":false},{"column":30,"file":"C:\\Users\\user\\AppData\\Roaming\\npm\\node_modules\\ts-node\\src\\index.ts","function":"Module.m._compile","line":1617,"method":"_compile","native":false},{"column":10,"file":"node:internal/modules/cjs/loader","function":"Module._extensions..js","line":1310,"method":".js","native":false},{"column":12,"file":"C:\\Users\\user\\AppData\\Roaming\\npm\\node_modules\\ts-node\\src\\index.ts","function":"Object.require.extensions.<computed> [as .ts]","line":1621,"method":"ts]","native":false},{"column":32,"file":"node:internal/modules/cjs/loader","function":"Module.load","line":1119,"method":"load","native":false},{"column":12,"file":"node:internal/modules/cjs/loader","function":"Module._load","line":960,"method":"_load","native":false},{"column":19,"file":"node:internal/modules/cjs/loader","function":"Module.require","line":1143,"method":"require","native":false}]}
{"level":"info","message":"::1 - - [02/Sep/2023:08:20:55 +0000] \"POST /api/v1/blogs/create HTTP/1.1\" 500 65 \"-\" \"PostmanRuntime/7.32.3\"\n"}
{"level":"info","message":"::1 - - [02/Sep/2023:08:22:32 +0000] \"POST /api/v1/blogs/create HTTP/1.1\" 500 65 \"-\" \"PostmanRuntime/7.32.3\"\n"}
{"level":"info","message":"::1 - - [02/Sep/2023:08:25:07 +0000] \"POST /api/v1/blogs/create HTTP/1.1\" 500 65 \"-\" \"PostmanRuntime/7.32.3\"\n"}
{"level":"info","message":"::1 - - [02/Sep/2023:08:35:51 +0000] \"POST /api/v1/blogs/create HTTP/1.1\" 201 211 \"-\" \"PostmanRuntime7.32.3\"\n"}
{"level":"info","message":"::1 - - [02/Sep/2023:09:02:14 +0000] \"POST /api/v1/blogs/create HTTP/1.1\" 500 65 \"-\" \"PostmanRuntime/7.32.3\"\n"}
{"level":"info","message":"::1 - - [02/Sep/2023:09:03:52 +0000] \"POST /api/v1/blogs/create HTTP/1.1\" 201 211 \"-\" \"PostmanRuntime7.32.3\"\n"}
{"level":"info","message":"::1 - - [02/Sep/2023:14:06:18 +0000] \"POST /api/v1/blogs/create HTTP/1.1\" 201 211 \"-\" \"PostmanRuntime7.32.3\"\n"}
{"date":"Sat Sep 02 2023 20:52:07 GMT+0100 (West Africa Standard Time)","error":{"diagnosticCodes":[2306]},"exception":true,"level":"error","message":"uncaughtException: ⨯ Unable to compile TypeScript:\n\u001b[96msrc/lib/middlewares/index.ts\u001b[0m:\u001b[93m4\u001b[0m:\u001b[93m36\u001b[0m - \u001b[91merror\u001b[0m\u001b[90m TS2306: \u001b[0mFile 'C:/Users/user/Desktop/schoolinka-blog/src/lib/middlewares/CheckRequestValidation.ts' is not a module.\r\n\r\n\u001b[7m4\u001b[0m import CheckRequestValidation from \"./CheckRequestValidation\";\r\n\u001b[7m \u001b[0m \u001b[91m                                   ~~~~~~~~~~~~~~~~~~~~~~~~~~\u001b[0m\r\n\nTSError: ⨯ Unable to compile TypeScript:\n\u001b[96msrc/lib/middlewares/index.ts\u001b[0m:\u001b[93m4\u001b[0m:\u001b[93m36\u001b[0m - \u001b[91merror\u001b[0m\u001b[90m TS2306: \u001b[0mFile 'C:/Users/user/Desktop/schoolinka-blog/src/lib/middlewares/CheckRequestValidation.ts' is not a module.\r\n\r\n\u001b[7m4\u001b[0m import CheckRequestValidation from \"./CheckRequestValidation\";\r\n\u001b[7m \u001b[0m \u001b[91m                                   ~~~~~~~~~~~~~~~~~~~~~~~~~~\u001b[0m\r\n\n    at createTSError (C:\\Users\\user\\AppData\\Roaming\\npm\\node_modules\\ts-node\\src\\index.ts:859:12)\n    at reportTSError (C:\\Users\\user\\AppData\\Roaming\\npm\\node_modules\\ts-node\\src\\index.ts:863:19)\n    at getOutput (C:\\Users\\user\\AppData\\Roaming\\npm\\node_modules\\ts-node\\src\\index.ts:1077:36)\n    at Object.compile (C:\\Users\\user\\AppData\\Roaming\\npm\\node_modules\\ts-node\\src\\index.ts:1433:41)\n    at Module.m._compile (C:\\Users\\user\\AppData\\Roaming\\npm\\node_modules\\ts-node\\src\\index.ts:1617:30)\n    at Module._extensions..js (node:internal/modules/cjs/loader:1310:10)\n    at Object.require.extensions.<computed> [as .ts] (C:\\Users\\user\\AppData\\Roaming\\npm\\node_modules\\ts-node\\src\\index.ts:1621:12)\n    at Module.load (node:internal/modules/cjs/loader:1119:32)\n    at Function.Module._load (node:internal/modules/cjs/loader:960:12)\n    at Module.require (node:internal/modules/cjs/loader:1143:19)","os":{"loadavg":[0,0,0],"uptime":109308.703},"process":{"argv":["C:\\Users\\user\\AppData\\Roaming\\npm\\node_modules\\ts-node\\dist\\bin.js","C:\\Users\\user\\Desktop\\schoolinka-blog\\src\\server.ts"],"cwd":"C:\\Users\\user\\Desktop\\schoolinka-blog","execPath":"C:\\Program Files\\nodejs\\node.exe","gid":null,"memoryUsage":{"arrayBuffers":3247009,"external":4670450,"heapTotal":162017280,"heapUsed":135122064,"rss":199081984},"pid":9028,"uid":null,"version":"v18.17.1"},"stack":"TSError: ⨯ Unable to compile TypeScript:\n\u001b[96msrc/lib/middlewares/index.ts\u001b[0m:\u001b[93m4\u001b[0m:\u001b[93m36\u001b[0m - \u001b[91merror\u001b[0m\u001b[90m TS2306: \u001b[0mFile 'C:/Users/user/Desktop/schoolinka-blog/src/lib/middlewares/CheckRequestValidation.ts' is not a module.\r\n\r\n\u001b[7m4\u001b[0m import CheckRequestValidation from \"./CheckRequestValidation\";\r\n\u001b[7m \u001b[0m \u001b[91m                                   ~~~~~~~~~~~~~~~~~~~~~~~~~~\u001b[0m\r\n\n    at createTSError (C:\\Users\\user\\AppData\\Roaming\\npm\\node_modules\\ts-node\\src\\index.ts:859:12)\n    at reportTSError (C:\\Users\\user\\AppData\\Roaming\\npm\\node_modules\\ts-node\\src\\index.ts:863:19)\n    at getOutput (C:\\Users\\user\\AppData\\Roaming\\npm\\node_modules\\ts-node\\src\\index.ts:1077:36)\n    at Object.compile (C:\\Users\\user\\AppData\\Roaming\\npm\\node_modules\\ts-node\\src\\index.ts:1433:41)\n    at Module.m._compile (C:\\Users\\user\\AppData\\Roaming\\npm\\node_modules\\ts-node\\src\\index.ts:1617:30)\n    at Module._extensions..js (node:internal/modules/cjs/loader:1310:10)\n    at Object.require.extensions.<computed> [as .ts] (C:\\Users\\user\\AppData\\Roaming\\npm\\node_modules\\ts-node\\src\\index.ts:1621:12)\n    at Module.load (node:internal/modules/cjs/loader:1119:32)\n    at Function.Module._load (node:internal/modules/cjs/loader:960:12)\n    at Module.require (node:internal/modules/cjs/loader:1143:19)","trace":[{"column":12,"file":"C:\\Users\\user\\AppData\\Roaming\\npm\\node_modules\\ts-node\\src\\index.ts","function":"createTSError","line":859,"method":null,"native":false},{"column":19,"file":"C:\\Users\\user\\AppData\\Roaming\\npm\\node_modules\\ts-node\\src\\index.ts","function":"reportTSError","line":863,"method":null,"native":false},{"column":36,"file":"C:\\Users\\user\\AppData\\Roaming\\npm\\node_modules\\ts-node\\src\\index.ts","function":"getOutput","line":1077,"method":null,"native":false},{"column":41,"file":"C:\\Users\\user\\AppData\\Roaming\\npm\\node_modules\\ts-node\\src\\index.ts","function":"Object.compile","line":1433,"method":"compile","native":false},{"column":30,"file":"C:\\Users\\user\\AppData\\Roaming\\npm\\node_modules\\ts-node\\src\\index.ts","function":"Module.m._compile","line":1617,"method":"_compile","native":false},{"column":10,"file":"node:internal/modules/cjs/loader","function":"Module._extensions..js","line":1310,"method":".js","native":false},{"column":12,"file":"C:\\Users\\user\\AppData\\Roaming\\npm\\node_modules\\ts-node\\src\\index.ts","function":"Object.require.extensions.<computed> [as .ts]","line":1621,"method":"ts]","native":false},{"column":32,"file":"node:internal/modules/cjs/loader","function":"Module.load","line":1119,"method":"load","native":false},{"column":12,"file":"node:internal/modules/cjs/loader","function":"Module._load","line":960,"method":"_load","native":false},{"column":19,"file":"node:internal/modules/cjs/loader","function":"Module.require","line":1143,"method":"require","native":false}]}
{"date":"Sat Sep 02 2023 20:52:07 GMT+0100 (West Africa Standard Time)","error":{"diagnosticCodes":[2306]},"exception":true,"level":"error","message":"uncaughtException: ⨯ Unable to compile TypeScript:\n\u001b[96msrc/lib/middlewares/index.ts\u001b[0m:\u001b[93m4\u001b[0m:\u001b[93m36\u001b[0m - \u001b[91merror\u001b[0m\u001b[90m TS2306: \u001b[0mFile 'C:/Users/user/Desktop/schoolinka-blog/src/lib/middlewares/CheckRequestValidation.ts' is not a module.\r\n\r\n\u001b[7m4\u001b[0m import CheckRequestValidation from \"./CheckRequestValidation\";\r\n\u001b[7m \u001b[0m \u001b[91m                                   ~~~~~~~~~~~~~~~~~~~~~~~~~~\u001b[0m\r\n\nTSError: ⨯ Unable to compile TypeScript:\n\u001b[96msrc/lib/middlewares/index.ts\u001b[0m:\u001b[93m4\u001b[0m:\u001b[93m36\u001b[0m - \u001b[91merror\u001b[0m\u001b[90m TS2306: \u001b[0mFile 'C:/Users/user/Desktop/schoolinka-blog/src/lib/middlewares/CheckRequestValidation.ts' is not a module.\r\n\r\n\u001b[7m4\u001b[0m import CheckRequestValidation from \"./CheckRequestValidation\";\r\n\u001b[7m \u001b[0m \u001b[91m                                   ~~~~~~~~~~~~~~~~~~~~~~~~~~\u001b[0m\r\n\n    at createTSError (C:\\Users\\user\\AppData\\Roaming\\npm\\node_modules\\ts-node\\src\\index.ts:859:12)\n    at reportTSError (C:\\Users\\user\\AppData\\Roaming\\npm\\node_modules\\ts-node\\src\\index.ts:863:19)\n    at getOutput (C:\\Users\\user\\AppData\\Roaming\\npm\\node_modules\\ts-node\\src\\index.ts:1077:36)\n    at Object.compile (C:\\Users\\user\\AppData\\Roaming\\npm\\node_modules\\ts-node\\src\\index.ts:1433:41)\n    at Module.m._compile (C:\\Users\\user\\AppData\\Roaming\\npm\\node_modules\\ts-node\\src\\index.ts:1617:30)\n    at Module._extensions..js (node:internal/modules/cjs/loader:1310:10)\n    at Object.require.extensions.<computed> [as .ts] (C:\\Users\\user\\AppData\\Roaming\\npm\\node_modules\\ts-node\\src\\index.ts:1621:12)\n    at Module.load (node:internal/modules/cjs/loader:1119:32)\n    at Function.Module._load (node:internal/modules/cjs/loader:960:12)\n    at Module.require (node:internal/modules/cjs/loader:1143:19)","os":{"loadavg":[0,0,0],"uptime":109308.718},"process":{"argv":["C:\\Users\\user\\AppData\\Roaming\\npm\\node_modules\\ts-node\\dist\\bin.js","C:\\Users\\user\\Desktop\\schoolinka-blog\\src\\server.ts"],"cwd":"C:\\Users\\user\\Desktop\\schoolinka-blog","execPath":"C:\\Program Files\\nodejs\\node.exe","gid":null,"memoryUsage":{"arrayBuffers":3252667,"external":4676148,"heapTotal":162017280,"heapUsed":135246040,"rss":199135232},"pid":9028,"uid":null,"version":"v18.17.1"},"stack":"TSError: ⨯ Unable to compile TypeScript:\n\u001b[96msrc/lib/middlewares/index.ts\u001b[0m:\u001b[93m4\u001b[0m:\u001b[93m36\u001b[0m - \u001b[91merror\u001b[0m\u001b[90m TS2306: \u001b[0mFile 'C:/Users/user/Desktop/schoolinka-blog/src/lib/middlewares/CheckRequestValidation.ts' is not a module.\r\n\r\n\u001b[7m4\u001b[0m import CheckRequestValidation from \"./CheckRequestValidation\";\r\n\u001b[7m \u001b[0m \u001b[91m                                   ~~~~~~~~~~~~~~~~~~~~~~~~~~\u001b[0m\r\n\n    at createTSError (C:\\Users\\user\\AppData\\Roaming\\npm\\node_modules\\ts-node\\src\\index.ts:859:12)\n    at reportTSError (C:\\Users\\user\\AppData\\Roaming\\npm\\node_modules\\ts-node\\src\\index.ts:863:19)\n    at getOutput (C:\\Users\\user\\AppData\\Roaming\\npm\\node_modules\\ts-node\\src\\index.ts:1077:36)\n    at Object.compile (C:\\Users\\user\\AppData\\Roaming\\npm\\node_modules\\ts-node\\src\\index.ts:1433:41)\n    at Module.m._compile (C:\\Users\\user\\AppData\\Roaming\\npm\\node_modules\\ts-node\\src\\index.ts:1617:30)\n    at Module._extensions..js (node:internal/modules/cjs/loader:1310:10)\n    at Object.require.extensions.<computed> [as .ts] (C:\\Users\\user\\AppData\\Roaming\\npm\\node_modules\\ts-node\\src\\index.ts:1621:12)\n    at Module.load (node:internal/modules/cjs/loader:1119:32)\n    at Function.Module._load (node:internal/modules/cjs/loader:960:12)\n    at Module.require (node:internal/modules/cjs/loader:1143:19)","trace":[{"column":12,"file":"C:\\Users\\user\\AppData\\Roaming\\npm\\node_modules\\ts-node\\src\\index.ts","function":"createTSError","line":859,"method":null,"native":false},{"column":19,"file":"C:\\Users\\user\\AppData\\Roaming\\npm\\node_modules\\ts-node\\src\\index.ts","function":"reportTSError","line":863,"method":null,"native":false},{"column":36,"file":"C:\\Users\\user\\AppData\\Roaming\\npm\\node_modules\\ts-node\\src\\index.ts","function":"getOutput","line":1077,"method":null,"native":false},{"column":41,"file":"C:\\Users\\user\\AppData\\Roaming\\npm\\node_modules\\ts-node\\src\\index.ts","function":"Object.compile","line":1433,"method":"compile","native":false},{"column":30,"file":"C:\\Users\\user\\AppData\\Roaming\\npm\\node_modules\\ts-node\\src\\index.ts","function":"Module.m._compile","line":1617,"method":"_compile","native":false},{"column":10,"file":"node:internal/modules/cjs/loader","function":"Module._extensions..js","line":1310,"method":".js","native":false},{"column":12,"file":"C:\\Users\\user\\AppData\\Roaming\\npm\\node_modules\\ts-node\\src\\index.ts","function":"Object.require.extensions.<computed> [as .ts]","line":1621,"method":"ts]","native":false},{"column":32,"file":"node:internal/modules/cjs/loader","function":"Module.load","line":1119,"method":"load","native":false},{"column":12,"file":"node:internal/modules/cjs/loader","function":"Module._load","line":960,"method":"_load","native":false},{"column":19,"file":"node:internal/modules/cjs/loader","function":"Module.require","line":1143,"method":"require","native":false}]}
